<?xml version="1.0" encoding="UTF-8"?>
<!-- Generated by org.testng.reporters.JUnitXMLReporter -->
<testsuite ignored="0" hostname="LTIN280248" failures="0" tests="17" name="Default test" time="0.236" errors="0" timestamp="2024-02-29T12:42:31 IST">
  <testcase classname="testBase.BaseClass" name="@BeforeTest setup" time="-1.709190751351E9">
    <failure type="org.testng.TestNGException" message="
Parameter &amp;apos;os&amp;apos; is required by BeforeTest on method setup but has not been marked @Optional or defined
in C:\Users\2304053\AppData\Local\Temp\1\testng-eclipse-1636481146\testng-customsuite.xml">
      <![CDATA[org.testng.TestNGException: 
Parameter 'os' is required by BeforeTest on method setup but has not been marked @Optional or defined
in C:\Users\2304053\AppData\Local\Temp\1\testng-eclipse-1636481146\testng-customsuite.xml
at org.testng.internal.Parameters.createParams(Parameters.java:270)
at org.testng.internal.Parameters.createParametersForMethod(Parameters.java:358)
at org.testng.internal.Parameters.createParameters(Parameters.java:700)
at org.testng.internal.Parameters.createConfigurationParameters(Parameters.java:168)
at org.testng.internal.ConfigInvoker.invokeConfigurations(ConfigInvoker.java:302)
at org.testng.TestRunner.invokeTestConfigurations(TestRunner.java:637)
at org.testng.TestRunner.beforeRun(TestRunner.java:627)
at org.testng.TestRunner.run(TestRunner.java:589)
at org.testng.SuiteRunner.runTest(SuiteRunner.java:377)
at org.testng.SuiteRunner.runSequentially(SuiteRunner.java:371)
at org.testng.SuiteRunner.privateRun(SuiteRunner.java:332)
at org.testng.SuiteRunner.run(SuiteRunner.java:276)
at org.testng.SuiteRunnerWorker.runSuite(SuiteRunnerWorker.java:53)
at org.testng.SuiteRunnerWorker.run(SuiteRunnerWorker.java:96)
at org.testng.TestNG.runSuitesSequentially(TestNG.java:1212)
at org.testng.TestNG.runSuitesLocally(TestNG.java:1134)
at org.testng.TestNG.runSuites(TestNG.java:1063)
at org.testng.TestNG.run(TestNG.java:1031)
at org.testng.remote.AbstractRemoteTestNG.run(AbstractRemoteTestNG.java:115)
at org.testng.remote.RemoteTestNG.initAndRun(RemoteTestNG.java:251)
at org.testng.remote.RemoteTestNG.main(RemoteTestNG.java:77)
]]>
    </failure>
  </testcase> <!-- @BeforeTest setup -->
  <testcase classname="testBase.BaseClass" name="@AfterTest tearDown" time="-1.709190751568E9">
    <skipped/>
  </testcase> <!-- @AfterTest tearDown -->
  <testcase classname="testCase.TC_001_NewBikeTest" name="newBike" time="0.0">
    <skipped/>
  </testcase> <!-- newBike -->
  <testcase classname="testCase.TC_001_NewBikeTest" name="upcomingBike" time="0.0">
    <skipped/>
  </testcase> <!-- upcomingBike -->
  <testcase classname="testCase.TC_001_NewBikeTest" name="manufacture_select" time="0.0">
    <skipped/>
  </testcase> <!-- manufacture_select -->
  <testcase classname="testCase.TC_001_NewBikeTest" name="scrolldown" time="0.0">
    <skipped/>
  </testcase> <!-- scrolldown -->
  <testcase classname="testCase.TC_001_NewBikeTest" name="clickLoad" time="0.0">
    <skipped/>
  </testcase> <!-- clickLoad -->
  <testcase classname="testCase.TC_001_NewBikeTest" name="Details" time="0.0">
    <skipped/>
  </testcase> <!-- Details -->
  <testcase classname="testCase.TC_001_NewBikeTest" name="NavigateBack" time="0.0">
    <skipped/>
  </testcase> <!-- NavigateBack -->
  <testcase classname="testCase.TC_001_NewBikeTest" name="usedCars_dropdown" time="0.0">
    <skipped/>
  </testcase> <!-- usedCars_dropdown -->
  <testcase classname="testCase.TC_001_NewBikeTest" name="call_select_channai" time="0.0">
    <skipped/>
  </testcase> <!-- call_select_channai -->
  <testcase classname="testCase.TC_001_NewBikeTest" name="scroll_popularcars" time="0.0">
    <skipped/>
  </testcase> <!-- scroll_popularcars -->
  <testcase classname="testCase.TC_001_NewBikeTest" name="call_popular_cars" time="0.0">
    <skipped/>
  </testcase> <!-- call_popular_cars -->
  <testcase classname="testCase.TC_001_NewBikeTest" name="NavigateBackto" time="0.0">
    <skipped/>
  </testcase> <!-- NavigateBackto -->
  <testcase classname="testCase.TC_001_NewBikeTest" name="click_login" time="0.0">
    <skipped/>
  </testcase> <!-- click_login -->
  <testcase classname="testCase.TC_001_NewBikeTest" name="click_Google" time="0.0">
    <skipped/>
  </testcase> <!-- click_Google -->
  <testcase classname="testCase.TC_001_NewBikeTest" name="Handle_Frame" time="0.0">
    <skipped/>
  </testcase> <!-- Handle_Frame -->
  <testcase classname="testCase.TC_001_NewBikeTest" name="Email_input" time="0.0">
    <skipped/>
  </testcase> <!-- Email_input -->
  <testcase classname="testCase.TC_001_NewBikeTest" name="Error_Msg" time="0.0">
    <skipped/>
  </testcase> <!-- Error_Msg -->
</testsuite> <!-- Default test -->
