<?xml version="1.0" encoding="UTF-8"?>
<!-- Generated by org.testng.reporters.JUnitXMLReporter -->
<testsuite ignored="0" hostname="LTIN280248" failures="1" tests="17" name="Test" time="210.009" errors="0" timestamp="2024-03-04T15:23:41 IST">
  <testcase classname="testCase.TC_001_NewBikeTest" name="newBike" time="0.949"/>
  <testcase classname="testCase.TC_001_NewBikeTest" name="upcomingBike" time="36.998"/>
  <testcase classname="testCase.TC_001_NewBikeTest" name="manufacture_select" time="6.624"/>
  <testcase classname="testCase.TC_001_NewBikeTest" name="scrolldown" time="0.885"/>
  <testcase classname="testCase.TC_001_NewBikeTest" name="clickLoad" time="0.661"/>
  <testcase classname="testCase.TC_001_NewBikeTest" name="Details" time="4.668"/>
  <testcase classname="testCase.TC_001_NewBikeTest" name="NavigateBack" time="1.259"/>
  <testcase classname="testCase.TC_001_NewBikeTest" name="usedCars_dropdown" time="1.347"/>
  <testcase classname="testCase.TC_001_NewBikeTest" name="call_select_channai" time="34.436"/>
  <testcase classname="testCase.TC_001_NewBikeTest" name="scroll_popularcars" time="0.372"/>
  <testcase classname="testCase.TC_001_NewBikeTest" name="call_popular_cars" time="0.548"/>
  <testcase classname="testCase.TC_001_NewBikeTest" name="NavigateBackto" time="1.157"/>
  <testcase classname="testCase.TC_001_NewBikeTest" name="click_login" time="0.859"/>
  <testcase classname="testCase.TC_001_NewBikeTest" name="click_Google" time="1.544"/>
  <testcase classname="testCase.TC_001_NewBikeTest" name="Handle_Frame" time="30.666"/>
  <testcase classname="testCase.TC_001_NewBikeTest" name="Email_input" time="1.603"/>
  <testcase classname="testCase.TC_001_NewBikeTest" name="Error_Msg" time="10.04">
    <failure type="org.openqa.selenium.NoSuchElementException" message="no such element: Unable to locate element: {&amp;quot;method&amp;quot;:&amp;quot;xpath&amp;quot;,&amp;quot;selector&amp;quot;:&amp;quot;//div[contains(text(),&amp;apos;Enter a valid&amp;apos;)]&amp;quot;}
  (Session info: chrome=120.0.6099.130)
For documentation on this error, please visit: https://www.selenium.dev/documentation/webdriver/troubleshooting/errors#no-such-element-exception
Build info: version: &amp;apos;4.15.0&amp;apos;, revision: &amp;apos;1d14b5521b&amp;apos;
System info: os.name: &amp;apos;Windows 11&amp;apos;, os.arch: &amp;apos;amd64&amp;apos;, os.version: &amp;apos;10.0&amp;apos;, java.version: &amp;apos;17.0.9&amp;apos;
Driver info: org.openqa.selenium.chrome.ChromeDriver
Command: [2ceb0cc4d17114523917116c1759bbe9, findElement {using=xpath, value=//div[contains(text(),&amp;apos;Enter a valid&amp;apos;)]}]
Capabilities {acceptInsecureCerts: false, browserName: chrome, browserVersion: 120.0.6099.130, chrome: {chromedriverVersion: 120.0.6099.109 (3419140ab66..., userDataDir: C:\Windows\SystemTemp\scope...}, fedcm:accounts: true, goog:chromeOptions: {debuggerAddress: localhost:53190}, networkConnectionEnabled: false, pageLoadStrategy: normal, platformName: windows, proxy: Proxy(), se:cdp: ws://localhost:53190/devtoo..., se:cdpVersion: 120.0.6099.130, setWindowRect: true, strictFileInteractability: false, timeouts: {implicit: 0, pageLoad: 300000, script: 30000}, unhandledPromptBehavior: dismiss and notify, webauthn:extension:credBlob: true, webauthn:extension:largeBlob: true, webauthn:extension:minPinLength: true, webauthn:extension:prf: true, webauthn:virtualAuthenticators: true}
Session ID: 2ceb0cc4d17114523917116c1759bbe9">
      <![CDATA[org.openqa.selenium.NoSuchElementException: no such element: Unable to locate element: {"method":"xpath","selector":"//div[contains(text(),'Enter a valid')]"}
  (Session info: chrome=120.0.6099.130)
For documentation on this error, please visit: https://www.selenium.dev/documentation/webdriver/troubleshooting/errors#no-such-element-exception
Build info: version: '4.15.0', revision: '1d14b5521b'
System info: os.name: 'Windows 11', os.arch: 'amd64', os.version: '10.0', java.version: '17.0.9'
Driver info: org.openqa.selenium.chrome.ChromeDriver
Command: [2ceb0cc4d17114523917116c1759bbe9, findElement {using=xpath, value=//div[contains(text(),'Enter a valid')]}]
Capabilities {acceptInsecureCerts: false, browserName: chrome, browserVersion: 120.0.6099.130, chrome: {chromedriverVersion: 120.0.6099.109 (3419140ab66..., userDataDir: C:\Windows\SystemTemp\scope...}, fedcm:accounts: true, goog:chromeOptions: {debuggerAddress: localhost:53190}, networkConnectionEnabled: false, pageLoadStrategy: normal, platformName: windows, proxy: Proxy(), se:cdp: ws://localhost:53190/devtoo..., se:cdpVersion: 120.0.6099.130, setWindowRect: true, strictFileInteractability: false, timeouts: {implicit: 0, pageLoad: 300000, script: 30000}, unhandledPromptBehavior: dismiss and notify, webauthn:extension:credBlob: true, webauthn:extension:largeBlob: true, webauthn:extension:minPinLength: true, webauthn:extension:prf: true, webauthn:virtualAuthenticators: true}
Session ID: 2ceb0cc4d17114523917116c1759bbe9
at org.openqa.selenium.remote.codec.w3c.W3CHttpResponseCodec.createException(W3CHttpResponseCodec.java:200)
at org.openqa.selenium.remote.codec.w3c.W3CHttpResponseCodec.decode(W3CHttpResponseCodec.java:133)
at org.openqa.selenium.remote.codec.w3c.W3CHttpResponseCodec.decode(W3CHttpResponseCodec.java:52)
at org.openqa.selenium.remote.HttpCommandExecutor.execute(HttpCommandExecutor.java:191)
at org.openqa.selenium.remote.service.DriverCommandExecutor.invokeExecute(DriverCommandExecutor.java:200)
at org.openqa.selenium.remote.service.DriverCommandExecutor.execute(DriverCommandExecutor.java:175)
at org.openqa.selenium.remote.RemoteWebDriver.execute(RemoteWebDriver.java:607)
at org.openqa.selenium.remote.ElementLocation$ElementFinder$2.findElement(ElementLocation.java:165)
at org.openqa.selenium.remote.ElementLocation.findElement(ElementLocation.java:59)
at org.openqa.selenium.remote.RemoteWebDriver.findElement(RemoteWebDriver.java:364)
at org.openqa.selenium.remote.RemoteWebDriver.findElement(RemoteWebDriver.java:358)
at pageObject.Login.show_error(Login.java:77)
at testCase.TC_001_NewBikeTest.Error_Msg(TC_001_NewBikeTest.java:243)
at java.base/java.util.ArrayList.forEach(ArrayList.java:1511)
... Removed 32 stack frames]]>
    </failure>
  </testcase> <!-- Error_Msg -->
</testsuite> <!-- Test -->
